Arguments: 
  /usr/local/Cellar/node/10.5.0_1/bin/node /usr/local/Cellar/yarn/1.7.0/libexec/bin/yarn.js install

PATH: 
  /Library/Frameworks/Python.framework/Versions/3.7/bin:/usr/local/bin:/usr/bin:/bin:/usr/sbin:/sbin

Yarn version: 
  1.7.0

Node version: 
  8.11.2

Platform: 
  darwin x64

Trace: 
  SyntaxError: /Users/nikitamittal/Documents/SnaphyProduct/storybook/package.json: Unexpected token < in JSON at position 960
      at JSON.parse (<anonymous>)
      at /usr/local/Cellar/yarn/1.7.0/libexec/lib/cli.js:1130:59
      at Generator.next (<anonymous>)
      at step (/usr/local/Cellar/yarn/1.7.0/libexec/lib/cli.js:98:30)
      at /usr/local/Cellar/yarn/1.7.0/libexec/lib/cli.js:109:13
      at <anonymous>

npm manifest: 
  {
    "name": "automata-components",
    "version": "1.0.0",
    "description": "",
    "main": ".storybook/config.js",
    "scripts": {
      "test": "echo \"Error: no test specified\" && exit 1",
      "storybook": "start-storybook -p 9001 -c .storybook"
    },
    "author": "Robins Gupta",
    "license": "ISC",
    "devDependencies": {
      "@storybook/react": "^3.4.8",
      "babel-core": "^6.26.3"
    },
    "dependencies": {
      "date-fns": "^1.29.0",
      "faker": "^4.1.0",
      "interactjs": "^1.3.4",
      "moment": "^2.22.2",
      "prop-types": "^15.6.2",
      "randomcolor": "^0.5.3",
      "react": "^16.4.1",
      "react-beautiful-dnd": "^8.0.7",
      "react-calendar-timeline": "^0.17.3",
      "react-day-picker": "^7.1.10",
      "react-dom": "^16.4.1",
      "react-redux": "^5.0.7",
      "react-sortable-hoc": "^0.8.3",
      "react-virtualized": "^9.20.1",
      "redux-form": "^7.4.2",
      "redux-thunk": "^2.3.0",
      "semantic-ui-css": "^2.3.3",
      "semantic-ui-react": "^0.82.0",
  <<<<<<< HEAD
      "snaphy-react-sortable-dnd": "^1.0.5",
  =======
      "snaphy-react-sortable-dnd": "1.0.5",
  >>>>>>> 714148e77df2f2be8bd7fe87e03a80b120707ac0
      "storybook": "^1.0.0"
    }
  }

yarn manifest: 
  No manifest

Lockfile: 
  No lockfile
